<?xml version="1.0" encoding="UTF-8"?>
<!-- Generated by org.testng.reporters.JUnitReportReporter -->
<testsuite hostname="JKL029" failures="0" tests="7" name="com.jkl.testCases.TC_Customers" time="98.223" errors="0" timestamp="2024-06-11T18:28:40 IST" skipped="0">
  <testcase classname="com.jkl.testCases.TC_Customers" name="test_AddCustomer" time="12.062"/>
  <system-out/>
  <testcase classname="com.jkl.testCases.TC_Customers" name="test_EditCustomer" time="17.378"/>
  <system-out/>
  <testcase classname="com.jkl.testCases.TC_Customers" name="test_DeactivateCustomer" time="13.721"/>
  <system-out/>
  <testcase classname="com.jkl.testCases.TC_Customers" name="test_ActivateCustomer" time="13.573"/>
  <system-out/>
  <testcase classname="com.jkl.testCases.TC_Customers" name="test_ArchiveCustomer" time="13.614"/>
  <system-out/>
  <testcase classname="com.jkl.testCases.TC_Customers" name="test_RestoreCustomer" time="14.772"/>
  <system-out/>
  <testcase classname="com.jkl.testCases.TC_Customers" name="test_ViewCustomer" time="13.103"/>
  <system-out/>
</testsuite> <!-- com.jkl.testCases.TC_Customers -->
