<?xml version="1.0" encoding="UTF-8"?>
<!-- Generated by org.testng.reporters.JUnitReportReporter -->
<testsuite hostname="JKL029" failures="0" tests="1" name="com.jkl.testCases.TC_Home" time="4.190" errors="0" timestamp="2024-06-07T17:36:52 IST" skipped="0">
  <testcase classname="com.jkl.testCases.TC_Home" name="test_HomePageElement" time="4.190"/>
  <system-out/>
</testsuite> <!-- com.jkl.testCases.TC_Home -->
