<?xml version="1.0" encoding="UTF-8"?>
<!-- Generated by org.testng.reporters.JUnitReportReporter -->
<testsuite hostname="JKL029" failures="0" tests="1" name="com.leonardoAI.testCases.TC_Home" time="0.007" errors="0" timestamp="2024-06-25T13:22:07 IST" skipped="0">
  <testcase classname="com.leonardoAI.testCases.TC_Home" name="test_HomePageElement" time="0.007"/>
  <system-out/>
</testsuite> <!-- com.leonardoAI.testCases.TC_Home -->
